
*** Running vivado
    with args -log Top_top.vdi -applog -m64 -product Vivado -messageDb vivado.pb -mode batch -source Top_top.tcl -notrace


****** Vivado v2016.4 (64-bit)
  **** SW Build 1756540 on Mon Jan 23 19:11:23 MST 2017
  **** IP Build 1755317 on Mon Jan 23 20:30:07 MST 2017
    ** Copyright 1986-2016 Xilinx, Inc. All Rights Reserved.

source Top_top.tcl -notrace
Design is defaulting to srcset: sources_1
Design is defaulting to constrset: constrs_1
INFO: [Netlist 29-17] Analyzing 18 Unisim elements for replacement
INFO: [Netlist 29-28] Unisim Transformation completed in 0 CPU seconds
INFO: [Project 1-479] Netlist was created with Vivado 2016.4
INFO: [Device 21-403] Loading part xc7a35tcpg236-1
INFO: [Project 1-570] Preparing netlist for logic optimization
Parsing XDC File [C:/Users/usuario/Factorial_Algorithm_/Factorial_Algorithm_.srcs/constrs_1/imports/Downloads/Basys-3-Master.xdc]
WARNING: [Vivado 12-584] No ports matched 'A[0]'. [C:/Users/usuario/Factorial_Algorithm_/Factorial_Algorithm_.srcs/constrs_1/imports/Downloads/Basys-3-Master.xdc:12]
CRITICAL WARNING: [Common 17-55] 'set_property' expects at least one object. [C:/Users/usuario/Factorial_Algorithm_/Factorial_Algorithm_.srcs/constrs_1/imports/Downloads/Basys-3-Master.xdc:12]
Resolution: If [get_<value>] was used to populate the object, check to make sure this command returns at least one valid object.
WARNING: [Vivado 12-584] No ports matched 'A[0]'. [C:/Users/usuario/Factorial_Algorithm_/Factorial_Algorithm_.srcs/constrs_1/imports/Downloads/Basys-3-Master.xdc:13]
CRITICAL WARNING: [Common 17-55] 'set_property' expects at least one object. [C:/Users/usuario/Factorial_Algorithm_/Factorial_Algorithm_.srcs/constrs_1/imports/Downloads/Basys-3-Master.xdc:13]
Resolution: If [get_<value>] was used to populate the object, check to make sure this command returns at least one valid object.
WARNING: [Vivado 12-584] No ports matched 'A[1]'. [C:/Users/usuario/Factorial_Algorithm_/Factorial_Algorithm_.srcs/constrs_1/imports/Downloads/Basys-3-Master.xdc:14]
CRITICAL WARNING: [Common 17-55] 'set_property' expects at least one object. [C:/Users/usuario/Factorial_Algorithm_/Factorial_Algorithm_.srcs/constrs_1/imports/Downloads/Basys-3-Master.xdc:14]
Resolution: If [get_<value>] was used to populate the object, check to make sure this command returns at least one valid object.
WARNING: [Vivado 12-584] No ports matched 'A[1]'. [C:/Users/usuario/Factorial_Algorithm_/Factorial_Algorithm_.srcs/constrs_1/imports/Downloads/Basys-3-Master.xdc:15]
CRITICAL WARNING: [Common 17-55] 'set_property' expects at least one object. [C:/Users/usuario/Factorial_Algorithm_/Factorial_Algorithm_.srcs/constrs_1/imports/Downloads/Basys-3-Master.xdc:15]
Resolution: If [get_<value>] was used to populate the object, check to make sure this command returns at least one valid object.
WARNING: [Vivado 12-584] No ports matched 'A[2]'. [C:/Users/usuario/Factorial_Algorithm_/Factorial_Algorithm_.srcs/constrs_1/imports/Downloads/Basys-3-Master.xdc:16]
CRITICAL WARNING: [Common 17-55] 'set_property' expects at least one object. [C:/Users/usuario/Factorial_Algorithm_/Factorial_Algorithm_.srcs/constrs_1/imports/Downloads/Basys-3-Master.xdc:16]
Resolution: If [get_<value>] was used to populate the object, check to make sure this command returns at least one valid object.
WARNING: [Vivado 12-584] No ports matched 'A[2]'. [C:/Users/usuario/Factorial_Algorithm_/Factorial_Algorithm_.srcs/constrs_1/imports/Downloads/Basys-3-Master.xdc:17]
CRITICAL WARNING: [Common 17-55] 'set_property' expects at least one object. [C:/Users/usuario/Factorial_Algorithm_/Factorial_Algorithm_.srcs/constrs_1/imports/Downloads/Basys-3-Master.xdc:17]
Resolution: If [get_<value>] was used to populate the object, check to make sure this command returns at least one valid object.
WARNING: [Vivado 12-584] No ports matched 'A[3]'. [C:/Users/usuario/Factorial_Algorithm_/Factorial_Algorithm_.srcs/constrs_1/imports/Downloads/Basys-3-Master.xdc:18]
CRITICAL WARNING: [Common 17-55] 'set_property' expects at least one object. [C:/Users/usuario/Factorial_Algorithm_/Factorial_Algorithm_.srcs/constrs_1/imports/Downloads/Basys-3-Master.xdc:18]
Resolution: If [get_<value>] was used to populate the object, check to make sure this command returns at least one valid object.
WARNING: [Vivado 12-584] No ports matched 'A[3]'. [C:/Users/usuario/Factorial_Algorithm_/Factorial_Algorithm_.srcs/constrs_1/imports/Downloads/Basys-3-Master.xdc:19]
CRITICAL WARNING: [Common 17-55] 'set_property' expects at least one object. [C:/Users/usuario/Factorial_Algorithm_/Factorial_Algorithm_.srcs/constrs_1/imports/Downloads/Basys-3-Master.xdc:19]
Resolution: If [get_<value>] was used to populate the object, check to make sure this command returns at least one valid object.
WARNING: [Vivado 12-584] No ports matched 'B[0]'. [C:/Users/usuario/Factorial_Algorithm_/Factorial_Algorithm_.srcs/constrs_1/imports/Downloads/Basys-3-Master.xdc:20]
CRITICAL WARNING: [Common 17-55] 'set_property' expects at least one object. [C:/Users/usuario/Factorial_Algorithm_/Factorial_Algorithm_.srcs/constrs_1/imports/Downloads/Basys-3-Master.xdc:20]
Resolution: If [get_<value>] was used to populate the object, check to make sure this command returns at least one valid object.
WARNING: [Vivado 12-584] No ports matched 'B[0]'. [C:/Users/usuario/Factorial_Algorithm_/Factorial_Algorithm_.srcs/constrs_1/imports/Downloads/Basys-3-Master.xdc:21]
CRITICAL WARNING: [Common 17-55] 'set_property' expects at least one object. [C:/Users/usuario/Factorial_Algorithm_/Factorial_Algorithm_.srcs/constrs_1/imports/Downloads/Basys-3-Master.xdc:21]
Resolution: If [get_<value>] was used to populate the object, check to make sure this command returns at least one valid object.
WARNING: [Vivado 12-584] No ports matched 'B[1]'. [C:/Users/usuario/Factorial_Algorithm_/Factorial_Algorithm_.srcs/constrs_1/imports/Downloads/Basys-3-Master.xdc:22]
CRITICAL WARNING: [Common 17-55] 'set_property' expects at least one object. [C:/Users/usuario/Factorial_Algorithm_/Factorial_Algorithm_.srcs/constrs_1/imports/Downloads/Basys-3-Master.xdc:22]
Resolution: If [get_<value>] was used to populate the object, check to make sure this command returns at least one valid object.
WARNING: [Vivado 12-584] No ports matched 'B[1]'. [C:/Users/usuario/Factorial_Algorithm_/Factorial_Algorithm_.srcs/constrs_1/imports/Downloads/Basys-3-Master.xdc:23]
CRITICAL WARNING: [Common 17-55] 'set_property' expects at least one object. [C:/Users/usuario/Factorial_Algorithm_/Factorial_Algorithm_.srcs/constrs_1/imports/Downloads/Basys-3-Master.xdc:23]
Resolution: If [get_<value>] was used to populate the object, check to make sure this command returns at least one valid object.
WARNING: [Vivado 12-584] No ports matched 'B[2]'. [C:/Users/usuario/Factorial_Algorithm_/Factorial_Algorithm_.srcs/constrs_1/imports/Downloads/Basys-3-Master.xdc:24]
CRITICAL WARNING: [Common 17-55] 'set_property' expects at least one object. [C:/Users/usuario/Factorial_Algorithm_/Factorial_Algorithm_.srcs/constrs_1/imports/Downloads/Basys-3-Master.xdc:24]
Resolution: If [get_<value>] was used to populate the object, check to make sure this command returns at least one valid object.
WARNING: [Vivado 12-584] No ports matched 'B[2]'. [C:/Users/usuario/Factorial_Algorithm_/Factorial_Algorithm_.srcs/constrs_1/imports/Downloads/Basys-3-Master.xdc:25]
CRITICAL WARNING: [Common 17-55] 'set_property' expects at least one object. [C:/Users/usuario/Factorial_Algorithm_/Factorial_Algorithm_.srcs/constrs_1/imports/Downloads/Basys-3-Master.xdc:25]
Resolution: If [get_<value>] was used to populate the object, check to make sure this command returns at least one valid object.
WARNING: [Vivado 12-584] No ports matched 'B[3]'. [C:/Users/usuario/Factorial_Algorithm_/Factorial_Algorithm_.srcs/constrs_1/imports/Downloads/Basys-3-Master.xdc:26]
CRITICAL WARNING: [Common 17-55] 'set_property' expects at least one object. [C:/Users/usuario/Factorial_Algorithm_/Factorial_Algorithm_.srcs/constrs_1/imports/Downloads/Basys-3-Master.xdc:26]
Resolution: If [get_<value>] was used to populate the object, check to make sure this command returns at least one valid object.
WARNING: [Vivado 12-584] No ports matched 'B[3]'. [C:/Users/usuario/Factorial_Algorithm_/Factorial_Algorithm_.srcs/constrs_1/imports/Downloads/Basys-3-Master.xdc:27]
CRITICAL WARNING: [Common 17-55] 'set_property' expects at least one object. [C:/Users/usuario/Factorial_Algorithm_/Factorial_Algorithm_.srcs/constrs_1/imports/Downloads/Basys-3-Master.xdc:27]
Resolution: If [get_<value>] was used to populate the object, check to make sure this command returns at least one valid object.
WARNING: [Vivado 12-584] No ports matched 'SEL'. [C:/Users/usuario/Factorial_Algorithm_/Factorial_Algorithm_.srcs/constrs_1/imports/Downloads/Basys-3-Master.xdc:42]
CRITICAL WARNING: [Common 17-55] 'set_property' expects at least one object. [C:/Users/usuario/Factorial_Algorithm_/Factorial_Algorithm_.srcs/constrs_1/imports/Downloads/Basys-3-Master.xdc:42]
Resolution: If [get_<value>] was used to populate the object, check to make sure this command returns at least one valid object.
WARNING: [Vivado 12-584] No ports matched 'SEL'. [C:/Users/usuario/Factorial_Algorithm_/Factorial_Algorithm_.srcs/constrs_1/imports/Downloads/Basys-3-Master.xdc:43]
CRITICAL WARNING: [Common 17-55] 'set_property' expects at least one object. [C:/Users/usuario/Factorial_Algorithm_/Factorial_Algorithm_.srcs/constrs_1/imports/Downloads/Basys-3-Master.xdc:43]
Resolution: If [get_<value>] was used to populate the object, check to make sure this command returns at least one valid object.
WARNING: [Vivado 12-584] No ports matched 'SEG_7[6]'. [C:/Users/usuario/Factorial_Algorithm_/Factorial_Algorithm_.srcs/constrs_1/imports/Downloads/Basys-3-Master.xdc:82]
CRITICAL WARNING: [Common 17-55] 'set_property' expects at least one object. [C:/Users/usuario/Factorial_Algorithm_/Factorial_Algorithm_.srcs/constrs_1/imports/Downloads/Basys-3-Master.xdc:82]
Resolution: If [get_<value>] was used to populate the object, check to make sure this command returns at least one valid object.
WARNING: [Vivado 12-584] No ports matched 'SEG_7[6]'. [C:/Users/usuario/Factorial_Algorithm_/Factorial_Algorithm_.srcs/constrs_1/imports/Downloads/Basys-3-Master.xdc:83]
CRITICAL WARNING: [Common 17-55] 'set_property' expects at least one object. [C:/Users/usuario/Factorial_Algorithm_/Factorial_Algorithm_.srcs/constrs_1/imports/Downloads/Basys-3-Master.xdc:83]
Resolution: If [get_<value>] was used to populate the object, check to make sure this command returns at least one valid object.
WARNING: [Vivado 12-584] No ports matched 'SEG_7[5]'. [C:/Users/usuario/Factorial_Algorithm_/Factorial_Algorithm_.srcs/constrs_1/imports/Downloads/Basys-3-Master.xdc:84]
CRITICAL WARNING: [Common 17-55] 'set_property' expects at least one object. [C:/Users/usuario/Factorial_Algorithm_/Factorial_Algorithm_.srcs/constrs_1/imports/Downloads/Basys-3-Master.xdc:84]
Resolution: If [get_<value>] was used to populate the object, check to make sure this command returns at least one valid object.
WARNING: [Vivado 12-584] No ports matched 'SEG_7[5]'. [C:/Users/usuario/Factorial_Algorithm_/Factorial_Algorithm_.srcs/constrs_1/imports/Downloads/Basys-3-Master.xdc:85]
CRITICAL WARNING: [Common 17-55] 'set_property' expects at least one object. [C:/Users/usuario/Factorial_Algorithm_/Factorial_Algorithm_.srcs/constrs_1/imports/Downloads/Basys-3-Master.xdc:85]
Resolution: If [get_<value>] was used to populate the object, check to make sure this command returns at least one valid object.
WARNING: [Vivado 12-584] No ports matched 'SEG_7[4]'. [C:/Users/usuario/Factorial_Algorithm_/Factorial_Algorithm_.srcs/constrs_1/imports/Downloads/Basys-3-Master.xdc:86]
CRITICAL WARNING: [Common 17-55] 'set_property' expects at least one object. [C:/Users/usuario/Factorial_Algorithm_/Factorial_Algorithm_.srcs/constrs_1/imports/Downloads/Basys-3-Master.xdc:86]
Resolution: If [get_<value>] was used to populate the object, check to make sure this command returns at least one valid object.
WARNING: [Vivado 12-584] No ports matched 'SEG_7[4]'. [C:/Users/usuario/Factorial_Algorithm_/Factorial_Algorithm_.srcs/constrs_1/imports/Downloads/Basys-3-Master.xdc:87]
CRITICAL WARNING: [Common 17-55] 'set_property' expects at least one object. [C:/Users/usuario/Factorial_Algorithm_/Factorial_Algorithm_.srcs/constrs_1/imports/Downloads/Basys-3-Master.xdc:87]
Resolution: If [get_<value>] was used to populate the object, check to make sure this command returns at least one valid object.
WARNING: [Vivado 12-584] No ports matched 'SEG_7[3]'. [C:/Users/usuario/Factorial_Algorithm_/Factorial_Algorithm_.srcs/constrs_1/imports/Downloads/Basys-3-Master.xdc:88]
CRITICAL WARNING: [Common 17-55] 'set_property' expects at least one object. [C:/Users/usuario/Factorial_Algorithm_/Factorial_Algorithm_.srcs/constrs_1/imports/Downloads/Basys-3-Master.xdc:88]
Resolution: If [get_<value>] was used to populate the object, check to make sure this command returns at least one valid object.
WARNING: [Vivado 12-584] No ports matched 'SEG_7[3]'. [C:/Users/usuario/Factorial_Algorithm_/Factorial_Algorithm_.srcs/constrs_1/imports/Downloads/Basys-3-Master.xdc:89]
CRITICAL WARNING: [Common 17-55] 'set_property' expects at least one object. [C:/Users/usuario/Factorial_Algorithm_/Factorial_Algorithm_.srcs/constrs_1/imports/Downloads/Basys-3-Master.xdc:89]
Resolution: If [get_<value>] was used to populate the object, check to make sure this command returns at least one valid object.
WARNING: [Vivado 12-584] No ports matched 'SEG_7[2]'. [C:/Users/usuario/Factorial_Algorithm_/Factorial_Algorithm_.srcs/constrs_1/imports/Downloads/Basys-3-Master.xdc:90]
CRITICAL WARNING: [Common 17-55] 'set_property' expects at least one object. [C:/Users/usuario/Factorial_Algorithm_/Factorial_Algorithm_.srcs/constrs_1/imports/Downloads/Basys-3-Master.xdc:90]
Resolution: If [get_<value>] was used to populate the object, check to make sure this command returns at least one valid object.
WARNING: [Vivado 12-584] No ports matched 'SEG_7[2]'. [C:/Users/usuario/Factorial_Algorithm_/Factorial_Algorithm_.srcs/constrs_1/imports/Downloads/Basys-3-Master.xdc:91]
CRITICAL WARNING: [Common 17-55] 'set_property' expects at least one object. [C:/Users/usuario/Factorial_Algorithm_/Factorial_Algorithm_.srcs/constrs_1/imports/Downloads/Basys-3-Master.xdc:91]
Resolution: If [get_<value>] was used to populate the object, check to make sure this command returns at least one valid object.
WARNING: [Vivado 12-584] No ports matched 'SEG_7[1]'. [C:/Users/usuario/Factorial_Algorithm_/Factorial_Algorithm_.srcs/constrs_1/imports/Downloads/Basys-3-Master.xdc:92]
CRITICAL WARNING: [Common 17-55] 'set_property' expects at least one object. [C:/Users/usuario/Factorial_Algorithm_/Factorial_Algorithm_.srcs/constrs_1/imports/Downloads/Basys-3-Master.xdc:92]
Resolution: If [get_<value>] was used to populate the object, check to make sure this command returns at least one valid object.
WARNING: [Vivado 12-584] No ports matched 'SEG_7[1]'. [C:/Users/usuario/Factorial_Algorithm_/Factorial_Algorithm_.srcs/constrs_1/imports/Downloads/Basys-3-Master.xdc:93]
CRITICAL WARNING: [Common 17-55] 'set_property' expects at least one object. [C:/Users/usuario/Factorial_Algorithm_/Factorial_Algorithm_.srcs/constrs_1/imports/Downloads/Basys-3-Master.xdc:93]
Resolution: If [get_<value>] was used to populate the object, check to make sure this command returns at least one valid object.
WARNING: [Vivado 12-584] No ports matched 'SEG_7[0]'. [C:/Users/usuario/Factorial_Algorithm_/Factorial_Algorithm_.srcs/constrs_1/imports/Downloads/Basys-3-Master.xdc:94]
CRITICAL WARNING: [Common 17-55] 'set_property' expects at least one object. [C:/Users/usuario/Factorial_Algorithm_/Factorial_Algorithm_.srcs/constrs_1/imports/Downloads/Basys-3-Master.xdc:94]
Resolution: If [get_<value>] was used to populate the object, check to make sure this command returns at least one valid object.
WARNING: [Vivado 12-584] No ports matched 'SEG_7[0]'. [C:/Users/usuario/Factorial_Algorithm_/Factorial_Algorithm_.srcs/constrs_1/imports/Downloads/Basys-3-Master.xdc:95]
CRITICAL WARNING: [Common 17-55] 'set_property' expects at least one object. [C:/Users/usuario/Factorial_Algorithm_/Factorial_Algorithm_.srcs/constrs_1/imports/Downloads/Basys-3-Master.xdc:95]
Resolution: If [get_<value>] was used to populate the object, check to make sure this command returns at least one valid object.
Finished Parsing XDC File [C:/Users/usuario/Factorial_Algorithm_/Factorial_Algorithm_.srcs/constrs_1/imports/Downloads/Basys-3-Master.xdc]
INFO: [Opt 31-138] Pushed 0 inverter(s) to 0 load pin(s).
INFO: [Project 1-111] Unisim Transformation Summary:
No Unisim elements were transformed.

link_design: Time (s): cpu = 00:00:22 ; elapsed = 00:00:24 . Memory (MB): peak = 474.375 ; gain = 246.316
INFO: [Vivado_Tcl 4-424] Cannot write hardware definition file as there are no IPI block design hardware handoff files present
Command: opt_design
Attempting to get a license for feature 'Implementation' and/or device 'xc7a35t'
INFO: [Common 17-349] Got license for feature 'Implementation' and/or device 'xc7a35t'
Running DRC as a precondition to command opt_design

Starting DRC Task
INFO: [DRC 23-27] Running DRC with 2 threads
INFO: [Project 1-461] DRC finished with 0 Errors
INFO: [Project 1-462] Please refer to the DRC report (report_drc) for more information.

Time (s): cpu = 00:00:05 ; elapsed = 00:00:03 . Memory (MB): peak = 485.180 ; gain = 10.805
INFO: [Timing 38-35] Done setting XDC timing constraints.

Starting Logic Optimization Task
Implement Debug Cores | Checksum: 9f10fbef

Phase 1 Retarget
INFO: [Opt 31-138] Pushed 0 inverter(s) to 0 load pin(s).
INFO: [Opt 31-49] Retargeted 0 cell(s).
Phase 1 Retarget | Checksum: 7a478042

Time (s): cpu = 00:00:00 ; elapsed = 00:00:00.240 . Memory (MB): peak = 985.082 ; gain = 0.000

Phase 2 Constant propagation
INFO: [Opt 31-138] Pushed 0 inverter(s) to 0 load pin(s).
INFO: [Opt 31-10] Eliminated 0 cells.
Phase 2 Constant propagation | Checksum: 7a478042

Time (s): cpu = 00:00:01 ; elapsed = 00:00:00.370 . Memory (MB): peak = 985.082 ; gain = 0.000

Phase 3 Sweep
INFO: [Opt 31-12] Eliminated 32 unconnected nets.
INFO: [Opt 31-11] Eliminated 0 unconnected cells.
Phase 3 Sweep | Checksum: 1c965057f

Time (s): cpu = 00:00:01 ; elapsed = 00:00:00.500 . Memory (MB): peak = 985.082 ; gain = 0.000

Phase 4 BUFG optimization
INFO: [Opt 31-12] Eliminated 0 unconnected nets.
INFO: [Opt 31-11] Eliminated 0 unconnected cells.
Phase 4 BUFG optimization | Checksum: 1c965057f

Time (s): cpu = 00:00:01 ; elapsed = 00:00:00.600 . Memory (MB): peak = 985.082 ; gain = 0.000

Starting Connectivity Check Task

Time (s): cpu = 00:00:00 ; elapsed = 00:00:00.010 . Memory (MB): peak = 985.082 ; gain = 0.000
Ending Logic Optimization Task | Checksum: 1c965057f

Time (s): cpu = 00:00:01 ; elapsed = 00:00:00.620 . Memory (MB): peak = 985.082 ; gain = 0.000

Starting Power Optimization Task
INFO: [Pwropt 34-132] Skipping clock gating for clocks with a period < 2.00 ns.
Ending Power Optimization Task | Checksum: 1c965057f

Time (s): cpu = 00:00:00 ; elapsed = 00:00:00.100 . Memory (MB): peak = 985.082 ; gain = 0.000
INFO: [Common 17-83] Releasing license: Implementation
23 Infos, 32 Warnings, 32 Critical Warnings and 0 Errors encountered.
opt_design completed successfully
opt_design: Time (s): cpu = 00:01:00 ; elapsed = 00:01:01 . Memory (MB): peak = 985.082 ; gain = 510.707
INFO: [Common 17-1381] The checkpoint 'C:/Users/usuario/Factorial_Algorithm_/Factorial_Algorithm_.runs/impl_1/Top_top_opt.dcp' has been generated.
INFO: [DRC 23-27] Running DRC with 2 threads
INFO: [Coretcl 2-168] The results of DRC are in file C:/Users/usuario/Factorial_Algorithm_/Factorial_Algorithm_.runs/impl_1/Top_top_drc_opted.rpt.
report_drc: Time (s): cpu = 00:00:11 ; elapsed = 00:00:06 . Memory (MB): peak = 985.082 ; gain = 0.000
INFO: [Chipscope 16-241] No debug cores found in the current design.
Before running the implement_debug_core command, either use the Set Up Debug wizard (GUI mode)
or use the create_debug_core and connect_debug_core Tcl commands to insert debug cores into the design.
Command: place_design
Attempting to get a license for feature 'Implementation' and/or device 'xc7a35t'
INFO: [Common 17-349] Got license for feature 'Implementation' and/or device 'xc7a35t'
INFO: [DRC 23-27] Running DRC with 2 threads
INFO: [Vivado_Tcl 4-198] DRC finished with 0 Errors
INFO: [Vivado_Tcl 4-199] Please refer to the DRC report (report_drc) for more information.
Running DRC as a precondition to command place_design
INFO: [DRC 23-27] Running DRC with 2 threads
INFO: [Vivado_Tcl 4-198] DRC finished with 0 Errors
INFO: [Vivado_Tcl 4-199] Please refer to the DRC report (report_drc) for more information.

Starting Placer Task
INFO: [Place 30-611] Multithreading enabled for place_design using a maximum of 2 CPUs

Phase 1 Placer Initialization
Netlist sorting complete. Time (s): cpu = 00:00:00 ; elapsed = 00:00:00 . Memory (MB): peak = 985.082 ; gain = 0.000
Netlist sorting complete. Time (s): cpu = 00:00:00 ; elapsed = 00:00:00 . Memory (MB): peak = 985.082 ; gain = 0.000

Phase 1.1 IO Placement/ Clock Placement/ Build Placer Device
INFO: [Timing 38-35] Done setting XDC timing constraints.
Phase 1.1 IO Placement/ Clock Placement/ Build Placer Device | Checksum: 8fc6ab1c

Time (s): cpu = 00:00:07 ; elapsed = 00:00:05 . Memory (MB): peak = 1003.352 ; gain = 18.270

Phase 1.2 Build Placer Netlist Model
Phase 1.2 Build Placer Netlist Model | Checksum: c1047eb9

Time (s): cpu = 00:00:07 ; elapsed = 00:00:06 . Memory (MB): peak = 1003.352 ; gain = 18.270

Phase 1.3 Constrain Clocks/Macros
Phase 1.3 Constrain Clocks/Macros | Checksum: c1047eb9

Time (s): cpu = 00:00:07 ; elapsed = 00:00:06 . Memory (MB): peak = 1003.352 ; gain = 18.270
Phase 1 Placer Initialization | Checksum: c1047eb9

Time (s): cpu = 00:00:08 ; elapsed = 00:00:06 . Memory (MB): peak = 1003.352 ; gain = 18.270

Phase 2 Global Placement
Phase 2 Global Placement | Checksum: 99bf4f63

Time (s): cpu = 00:00:08 ; elapsed = 00:00:07 . Memory (MB): peak = 1003.352 ; gain = 18.270

Phase 3 Detail Placement

Phase 3.1 Commit Multi Column Macros
Phase 3.1 Commit Multi Column Macros | Checksum: 99bf4f63

Time (s): cpu = 00:00:08 ; elapsed = 00:00:08 . Memory (MB): peak = 1003.352 ; gain = 18.270

Phase 3.2 Commit Most Macros & LUTRAMs
Phase 3.2 Commit Most Macros & LUTRAMs | Checksum: 1ddf0f449

Time (s): cpu = 00:00:08 ; elapsed = 00:00:08 . Memory (MB): peak = 1003.352 ; gain = 18.270

Phase 3.3 Area Swap Optimization
Phase 3.3 Area Swap Optimization | Checksum: 16a930fdd

Time (s): cpu = 00:00:08 ; elapsed = 00:00:08 . Memory (MB): peak = 1003.352 ; gain = 18.270

Phase 3.4 Pipeline Register Optimization
Phase 3.4 Pipeline Register Optimization | Checksum: 16a930fdd

Time (s): cpu = 00:00:08 ; elapsed = 00:00:08 . Memory (MB): peak = 1003.352 ; gain = 18.270

Phase 3.5 Small Shape Detail Placement
Phase 3.5 Small Shape Detail Placement | Checksum: e99f36eb

Time (s): cpu = 00:00:09 ; elapsed = 00:00:08 . Memory (MB): peak = 1003.352 ; gain = 18.270

Phase 3.6 Re-assign LUT pins
Phase 3.6 Re-assign LUT pins | Checksum: e99f36eb

Time (s): cpu = 00:00:09 ; elapsed = 00:00:08 . Memory (MB): peak = 1003.352 ; gain = 18.270

Phase 3.7 Pipeline Register Optimization
Phase 3.7 Pipeline Register Optimization | Checksum: e99f36eb

Time (s): cpu = 00:00:09 ; elapsed = 00:00:08 . Memory (MB): peak = 1003.352 ; gain = 18.270
Phase 3 Detail Placement | Checksum: e99f36eb

Time (s): cpu = 00:00:09 ; elapsed = 00:00:08 . Memory (MB): peak = 1003.352 ; gain = 18.270

Phase 4 Post Placement Optimization and Clean-Up

Phase 4.1 Post Commit Optimization
Phase 4.1 Post Commit Optimization | Checksum: e99f36eb

Time (s): cpu = 00:00:09 ; elapsed = 00:00:08 . Memory (MB): peak = 1003.352 ; gain = 18.270

Phase 4.2 Post Placement Cleanup
Phase 4.2 Post Placement Cleanup | Checksum: e99f36eb

Time (s): cpu = 00:00:09 ; elapsed = 00:00:09 . Memory (MB): peak = 1003.352 ; gain = 18.270

Phase 4.3 Placer Reporting
Phase 4.3 Placer Reporting | Checksum: e99f36eb

Time (s): cpu = 00:00:09 ; elapsed = 00:00:09 . Memory (MB): peak = 1003.352 ; gain = 18.270

Phase 4.4 Final Placement Cleanup
Phase 4.4 Final Placement Cleanup | Checksum: 17e347ab4

Time (s): cpu = 00:00:09 ; elapsed = 00:00:09 . Memory (MB): peak = 1003.352 ; gain = 18.270
Phase 4 Post Placement Optimization and Clean-Up | Checksum: 17e347ab4

Time (s): cpu = 00:00:09 ; elapsed = 00:00:09 . Memory (MB): peak = 1003.352 ; gain = 18.270
Ending Placer Task | Checksum: fa4960b3

Time (s): cpu = 00:00:09 ; elapsed = 00:00:09 . Memory (MB): peak = 1003.352 ; gain = 18.270
INFO: [Common 17-83] Releasing license: Implementation
37 Infos, 32 Warnings, 32 Critical Warnings and 0 Errors encountered.
place_design completed successfully
place_design: Time (s): cpu = 00:00:16 ; elapsed = 00:00:12 . Memory (MB): peak = 1003.352 ; gain = 18.270
Writing placer database...
Writing XDEF routing.
Writing XDEF routing logical nets.
Writing XDEF routing special nets.
Write XDEF Complete: Time (s): cpu = 00:00:01 ; elapsed = 00:00:00.290 . Memory (MB): peak = 1003.352 ; gain = 0.000
INFO: [Common 17-1381] The checkpoint 'C:/Users/usuario/Factorial_Algorithm_/Factorial_Algorithm_.runs/impl_1/Top_top_placed.dcp' has been generated.
report_io: Time (s): cpu = 00:00:00 ; elapsed = 00:00:00.210 . Memory (MB): peak = 1003.352 ; gain = 0.000
report_utilization: Time (s): cpu = 00:00:00 ; elapsed = 00:00:00.080 . Memory (MB): peak = 1003.352 ; gain = 0.000
report_control_sets: Time (s): cpu = 00:00:00 ; elapsed = 00:00:00.010 . Memory (MB): peak = 1003.352 ; gain = 0.000
Command: route_design
Attempting to get a license for feature 'Implementation' and/or device 'xc7a35t'
INFO: [Common 17-349] Got license for feature 'Implementation' and/or device 'xc7a35t'
Running DRC as a precondition to command route_design
INFO: [DRC 23-27] Running DRC with 2 threads
INFO: [Vivado_Tcl 4-198] DRC finished with 0 Errors
INFO: [Vivado_Tcl 4-199] Please refer to the DRC report (report_drc) for more information.


Starting Routing Task
INFO: [Route 35-254] Multithreading enabled for route_design using a maximum of 2 CPUs
Checksum: PlaceDB: 4ca00c73 ConstDB: 0 ShapeSum: ada95440 RouteDB: 0

Phase 1 Build RT Design
Phase 1 Build RT Design | Checksum: 19fd3cf5a

Time (s): cpu = 00:01:57 ; elapsed = 00:01:48 . Memory (MB): peak = 1080.461 ; gain = 77.109

Phase 2 Router Initialization
INFO: [Route 35-64] No timing constraints were detected. The router will operate in resource-optimization mode.

Phase 2.1 Fix Topology Constraints
Phase 2.1 Fix Topology Constraints | Checksum: 19fd3cf5a

Time (s): cpu = 00:01:58 ; elapsed = 00:01:48 . Memory (MB): peak = 1084.922 ; gain = 81.570

Phase 2.2 Pre Route Cleanup
Phase 2.2 Pre Route Cleanup | Checksum: 19fd3cf5a

Time (s): cpu = 00:01:58 ; elapsed = 00:01:48 . Memory (MB): peak = 1084.922 ; gain = 81.570
 Number of Nodes with overlaps = 0
Phase 2 Router Initialization | Checksum: 1541e46d1

Time (s): cpu = 00:01:58 ; elapsed = 00:01:49 . Memory (MB): peak = 1089.332 ; gain = 85.980

Phase 3 Initial Routing
Phase 3 Initial Routing | Checksum: 59ab8a72

Time (s): cpu = 00:01:59 ; elapsed = 00:01:50 . Memory (MB): peak = 1089.332 ; gain = 85.980

Phase 4 Rip-up And Reroute

Phase 4.1 Global Iteration 0
 Number of Nodes with overlaps = 1
 Number of Nodes with overlaps = 0
Phase 4.1 Global Iteration 0 | Checksum: 60ce1f84

Time (s): cpu = 00:01:59 ; elapsed = 00:01:50 . Memory (MB): peak = 1089.332 ; gain = 85.980
Phase 4 Rip-up And Reroute | Checksum: 60ce1f84

Time (s): cpu = 00:01:59 ; elapsed = 00:01:50 . Memory (MB): peak = 1089.332 ; gain = 85.980

Phase 5 Delay and Skew Optimization
Phase 5 Delay and Skew Optimization | Checksum: 60ce1f84

Time (s): cpu = 00:01:59 ; elapsed = 00:01:50 . Memory (MB): peak = 1089.332 ; gain = 85.980

Phase 6 Post Hold Fix

Phase 6.1 Hold Fix Iter
Phase 6.1 Hold Fix Iter | Checksum: 60ce1f84

Time (s): cpu = 00:01:59 ; elapsed = 00:01:50 . Memory (MB): peak = 1089.332 ; gain = 85.980
Phase 6 Post Hold Fix | Checksum: 60ce1f84

Time (s): cpu = 00:01:59 ; elapsed = 00:01:50 . Memory (MB): peak = 1089.332 ; gain = 85.980

Phase 7 Route finalize

Router Utilization Summary
  Global Vertical Routing Utilization    = 0.00669696 %
  Global Horizontal Routing Utilization  = 0.00845914 %
  Routable Net Status*
  *Does not include unroutable nets such as driverless and loadless.
  Run report_route_status for detailed report.
  Number of Failed Nets               = 0
  Number of Unrouted Nets             = 0
  Number of Partially Routed Nets     = 0
  Number of Node Overlaps             = 0

Congestion Report
North Dir 1x1 Area, Max Cong = 9.00901%, No Congested Regions.
South Dir 1x1 Area, Max Cong = 7.20721%, No Congested Regions.
East Dir 1x1 Area, Max Cong = 13.2353%, No Congested Regions.
West Dir 1x1 Area, Max Cong = 10.2941%, No Congested Regions.
Phase 7 Route finalize | Checksum: 60ce1f84

Time (s): cpu = 00:01:59 ; elapsed = 00:01:50 . Memory (MB): peak = 1089.332 ; gain = 85.980

Phase 8 Verifying routed nets

 Verification completed successfully
Phase 8 Verifying routed nets | Checksum: 60ce1f84

Time (s): cpu = 00:01:59 ; elapsed = 00:01:50 . Memory (MB): peak = 1090.035 ; gain = 86.684

Phase 9 Depositing Routes
Phase 9 Depositing Routes | Checksum: 95192f71

Time (s): cpu = 00:01:59 ; elapsed = 00:01:50 . Memory (MB): peak = 1090.035 ; gain = 86.684
INFO: [Route 35-16] Router Completed Successfully

Time (s): cpu = 00:01:59 ; elapsed = 00:01:50 . Memory (MB): peak = 1090.035 ; gain = 86.684

Routing Is Done.
INFO: [Common 17-83] Releasing license: Implementation
46 Infos, 32 Warnings, 32 Critical Warnings and 0 Errors encountered.
route_design completed successfully
route_design: Time (s): cpu = 00:02:06 ; elapsed = 00:01:54 . Memory (MB): peak = 1090.035 ; gain = 86.684
Writing placer database...
Writing XDEF routing.
Writing XDEF routing logical nets.
Writing XDEF routing special nets.
Write XDEF Complete: Time (s): cpu = 00:00:01 ; elapsed = 00:00:00.310 . Memory (MB): peak = 1090.035 ; gain = 0.000
INFO: [Common 17-1381] The checkpoint 'C:/Users/usuario/Factorial_Algorithm_/Factorial_Algorithm_.runs/impl_1/Top_top_routed.dcp' has been generated.
INFO: [DRC 23-27] Running DRC with 2 threads
INFO: [Coretcl 2-168] The results of DRC are in file C:/Users/usuario/Factorial_Algorithm_/Factorial_Algorithm_.runs/impl_1/Top_top_drc_routed.rpt.
report_drc: Time (s): cpu = 00:00:12 ; elapsed = 00:00:06 . Memory (MB): peak = 1092.332 ; gain = 2.297
INFO: [Timing 38-35] Done setting XDC timing constraints.
INFO: [DRC 23-133] Running Methodology with 2 threads
INFO: [Coretcl 2-1520] The results of Report Methodology are in file C:/Users/usuario/Factorial_Algorithm_/Factorial_Algorithm_.runs/impl_1/Top_top_methodology_drc_routed.rpt.
INFO: [Timing 38-35] Done setting XDC timing constraints.
INFO: [Timing 38-91] UpdateTimingParams: Speed grade: -1, Delay Type: min_max.
INFO: [Timing 38-191] Multithreading enabled for timing update using a maximum of 2 CPUs
INFO: [Timing 38-35] Done setting XDC timing constraints.
WARNING: [Timing 38-313] There are no user specified timing constraints. Timing constraints are needed for proper timing analysis.
Command: report_power -file Top_top_power_routed.rpt -pb Top_top_power_summary_routed.pb -rpx Top_top_power_routed.rpx
WARNING: [Power 33-232] No user defined clocks were found in the design!
Resolution: Please specify clocks using create_clock/create_generated_clock for sequential elements. For pure combinatorial circuits, please specify a virtual clock, otherwise the vectorless estimation might be inaccurate
Running Vector-less Activity Propagation...

Finished Running Vector-less Activity Propagation
56 Infos, 34 Warnings, 32 Critical Warnings and 0 Errors encountered.
report_power completed successfully
INFO: [Common 17-206] Exiting Vivado at Sun Oct 08 16:11:25 2023...
